android/app/build/intermediates/manifest_merge_blame_file/debug/manifest-merger-blame-debug-report.txt
1<?xml version="1.0" encoding="utf-8"?>
2<manifest xmlns:android="http://schemas.android.com/apk/res/android"
3    package="com.wditechy.truckie"
4    android:versionCode="1"
5    android:versionName="1.0" >
6
7    <uses-sdk
8        android:minSdkVersion="21"
9        android:targetSdkVersion="33" />
10
11    <uses-permission android:name="android.permission.SYSTEM_ALERT_WINDOW" />
11-->src\debug\AndroidManifest.xml:5:5-77
11-->src\debug\AndroidManifest.xml:5:22-75
12    <uses-permission android:name="android.permission.INTERNET" />
12-->src\main\AndroidManifest.xml:4:5-67
12-->src\main\AndroidManifest.xml:4:22-64
13    <uses-permission android:name="android.permission.ACCESS_FINE_LOCATION" />
13-->src\main\AndroidManifest.xml:5:6-7:3
13-->src\main\AndroidManifest.xml:6:4-58
14    <uses-permission android:name="android.permission.CAMERA" />
14-->src\main\AndroidManifest.xml:10:1-60
14-->src\main\AndroidManifest.xml:10:18-58
15
16    <uses-feature
16-->src\main\AndroidManifest.xml:11:1-81
17        android:name="android.hardware.camera"
17-->src\main\AndroidManifest.xml:11:15-53
18        android:required="false" />
18-->src\main\AndroidManifest.xml:11:54-78
19    <uses-feature
19-->src\main\AndroidManifest.xml:12:1-87
20        android:name="android.hardware.camera.front"
20-->src\main\AndroidManifest.xml:12:15-59
21        android:required="false" />
21-->src\main\AndroidManifest.xml:12:60-84
22
23    <uses-permission android:name="android.permission.ACCESS_WIFI_STATE" />
23-->[com.facebook.flipper:flipper:0.99.0] AndroidManifest.xml:16:5-76
23-->[com.facebook.flipper:flipper:0.99.0] AndroidManifest.xml:16:22-73
24    <uses-permission android:name="android.permission.WRITE_EXTERNAL_STORAGE" />
24-->[:react-native-fs] AndroidManifest.xml:9:5-81
24-->[:react-native-fs] AndroidManifest.xml:9:22-78
25    <uses-permission android:name="android.permission.ACCESS_NETWORK_STATE" />
25-->[:react-native-community_netinfo] AndroidManifest.xml:9:5-79
25-->[:react-native-community_netinfo] AndroidManifest.xml:9:22-76
26    <uses-permission android:name="android.permission.WAKE_LOCK" />
26-->[:react-native-firebase_messaging] AndroidManifest.xml:10:5-68
26-->[:react-native-firebase_messaging] AndroidManifest.xml:10:22-65
27
28    <queries>
28-->[:react-native-image-crop-picker] AndroidManifest.xml:9:5-13:15
29        <intent>
29-->[:react-native-image-crop-picker] AndroidManifest.xml:10:9-12:18
30            <action android:name="android.media.action.IMAGE_CAPTURE" />
30-->[:react-native-image-crop-picker] AndroidManifest.xml:11:13-73
30-->[:react-native-image-crop-picker] AndroidManifest.xml:11:21-70
31        </intent>
32    </queries>
33
34    <uses-permission android:name="android.permission.ACCESS_COARSE_LOCATION" />
34-->[:react-native-maps] AndroidManifest.xml:10:5-81
34-->[:react-native-maps] AndroidManifest.xml:10:22-78
35    <uses-permission android:name="android.permission.RECEIVE_BOOT_COMPLETED" />
35-->[androidx.work:work-runtime:2.8.0] AndroidManifest.xml:25:5-81
35-->[androidx.work:work-runtime:2.8.0] AndroidManifest.xml:25:22-78
36    <uses-permission android:name="android.permission.FOREGROUND_SERVICE" />
36-->[androidx.work:work-runtime:2.8.0] AndroidManifest.xml:26:5-77
36-->[androidx.work:work-runtime:2.8.0] AndroidManifest.xml:26:22-74
37    <uses-permission android:name="android.permission.POST_NOTIFICATIONS" /> <!-- Required by older versions of Google Play services to create IID tokens -->
37-->[com.google.firebase:firebase-messaging:23.1.2] AndroidManifest.xml:25:5-77
37-->[com.google.firebase:firebase-messaging:23.1.2] AndroidManifest.xml:25:22-74
38    <uses-permission android:name="com.google.android.c2dm.permission.RECEIVE" />
38-->[com.google.firebase:firebase-messaging:23.1.2] AndroidManifest.xml:28:5-82
38-->[com.google.firebase:firebase-messaging:23.1.2] AndroidManifest.xml:28:22-79
39
40    <uses-feature
40-->[com.google.android.gms:play-services-maps:17.0.0] AndroidManifest.xml:26:5-28:35
41        android:glEsVersion="0x00020000"
41-->[com.google.android.gms:play-services-maps:17.0.0] AndroidManifest.xml:27:9-41
42        android:required="true" />
42-->[com.google.android.gms:play-services-maps:17.0.0] AndroidManifest.xml:28:9-32
43
44    <uses-permission android:name="android.permission.VIBRATE" />
44-->[app.notifee:core:202108261754] AndroidManifest.xml:13:5-66
44-->[app.notifee:core:202108261754] AndroidManifest.xml:13:22-63
45    <uses-permission android:name="android.permission.USE_FULL_SCREEN_INTENT" />
45-->[app.notifee:core:202108261754] AndroidManifest.xml:16:5-81
45-->[app.notifee:core:202108261754] AndroidManifest.xml:16:22-78
46    <uses-permission android:name="android.permission.SCHEDULE_EXACT_ALARM" />
46-->[app.notifee:core:202108261754] AndroidManifest.xml:17:5-79
46-->[app.notifee:core:202108261754] AndroidManifest.xml:17:22-76
47    <uses-permission
47-->[app.notifee:core:202108261754] AndroidManifest.xml:18:5-20:38
48        android:name="android.permission.BROADCAST_CLOSE_SYSTEM_DIALOGS"
48-->[app.notifee:core:202108261754] AndroidManifest.xml:19:9-73
49        android:maxSdkVersion="30" /> <!-- For Xiaomi devices to enable heads-up notifications as default (https://github.com/invertase/notifee/issues/296) -->
49-->[app.notifee:core:202108261754] AndroidManifest.xml:20:9-35
50    <uses-permission
50-->[app.notifee:core:202108261754] AndroidManifest.xml:22:5-24:38
51        android:name="android.permission.ACCESS_NOTIFICATION_POLICY"
51-->[app.notifee:core:202108261754] AndroidManifest.xml:23:9-69
52        android:minSdkVersion="23" />
52-->[app.notifee:core:202108261754] AndroidManifest.xml:24:9-35
53
54    <application
54-->src\main\AndroidManifest.xml:13:5-37:19
55        android:name="com.wditechy.truckie.MainApplication"
55-->src\main\AndroidManifest.xml:15:7-38
56        android:allowBackup="false"
56-->src\main\AndroidManifest.xml:18:7-34
57        android:appComponentFactory="androidx.core.app.CoreComponentFactory"
57-->[androidx.core:core:1.6.0] AndroidManifest.xml:24:18-86
58        android:debuggable="true"
59        android:icon="@mipmap/ic_launcher"
59-->src\main\AndroidManifest.xml:17:7-41
60        android:label="@string/app_name"
60-->src\main\AndroidManifest.xml:16:7-39
61        android:theme="@style/AppTheme"
61-->src\main\AndroidManifest.xml:19:7-38
62        android:usesCleartextTraffic="true" >
62-->src\main\AndroidManifest.xml:14:5-40
63        <activity android:name="com.facebook.react.devsupport.DevSettingsActivity" />
63-->src\debug\AndroidManifest.xml:11:9-86
63-->src\debug\AndroidManifest.xml:11:19-83
64        <activity
64-->src\main\AndroidManifest.xml:20:7-31:18
65            android:name="com.wditechy.truckie.MainActivity"
65-->src\main\AndroidManifest.xml:21:9-37
66            android:configChanges="keyboard|keyboardHidden|orientation|screenSize|uiMode"
66-->src\main\AndroidManifest.xml:24:9-86
67            android:exported="true"
67-->src\main\AndroidManifest.xml:23:10-33
68            android:label="@string/app_name"
68-->src\main\AndroidManifest.xml:22:9-41
69            android:launchMode="singleTask"
69-->src\main\AndroidManifest.xml:25:9-40
70            android:windowSoftInputMode="adjustResize" >
70-->src\main\AndroidManifest.xml:26:9-51
71            <intent-filter>
71-->src\main\AndroidManifest.xml:27:9-30:25
72                <action android:name="android.intent.action.MAIN" />
72-->src\main\AndroidManifest.xml:28:13-65
72-->src\main\AndroidManifest.xml:28:21-62
73
74                <category android:name="android.intent.category.LAUNCHER" />
74-->src\main\AndroidManifest.xml:29:13-73
74-->src\main\AndroidManifest.xml:29:23-70
75            </intent-filter>
76        </activity>
77
78        <meta-data
78-->src\main\AndroidManifest.xml:32:7-34:63
79            android:name="com.google.android.geo.API_KEY"
79-->src\main\AndroidManifest.xml:33:7-52
80            android:value="AIzaSyCOKXBz_YM85k4KcFzNxPUvEArDjhipX8c" />
80-->src\main\AndroidManifest.xml:34:6-61
81
82        <provider
82-->[:notifee_react-native] AndroidManifest.xml:10:9-14:40
83            android:name="io.invertase.notifee.NotifeeInitProvider"
83-->[:notifee_react-native] AndroidManifest.xml:11:13-68
84            android:authorities="com.wditechy.truckie.notifee-init-provider"
84-->[:notifee_react-native] AndroidManifest.xml:12:13-73
85            android:exported="false"
85-->[:notifee_react-native] AndroidManifest.xml:13:13-37
86            android:initOrder="-100" />
86-->[:notifee_react-native] AndroidManifest.xml:14:13-37
87
88        <service
88-->[:react-native-firebase_messaging] AndroidManifest.xml:14:9-16:40
89            android:name="io.invertase.firebase.messaging.ReactNativeFirebaseMessagingHeadlessService"
89-->[:react-native-firebase_messaging] AndroidManifest.xml:15:13-103
90            android:exported="false" />
90-->[:react-native-firebase_messaging] AndroidManifest.xml:16:13-37
91        <service
91-->[:react-native-firebase_messaging] AndroidManifest.xml:17:9-23:19
92            android:name="io.invertase.firebase.messaging.ReactNativeFirebaseMessagingService"
92-->[:react-native-firebase_messaging] AndroidManifest.xml:18:13-95
93            android:exported="false" >
93-->[:react-native-firebase_messaging] AndroidManifest.xml:19:13-37
94            <intent-filter>
94-->[:react-native-firebase_messaging] AndroidManifest.xml:20:13-22:29
95                <action android:name="com.google.firebase.MESSAGING_EVENT" />
95-->[:react-native-firebase_messaging] AndroidManifest.xml:21:17-78
95-->[:react-native-firebase_messaging] AndroidManifest.xml:21:25-75
96            </intent-filter>
97        </service>
98
99        <receiver
99-->[:react-native-firebase_messaging] AndroidManifest.xml:25:9-32:20
100            android:name="io.invertase.firebase.messaging.ReactNativeFirebaseMessagingReceiver"
100-->[:react-native-firebase_messaging] AndroidManifest.xml:26:13-96
101            android:exported="true"
101-->[:react-native-firebase_messaging] AndroidManifest.xml:27:13-36
102            android:permission="com.google.android.c2dm.permission.SEND" >
102-->[:react-native-firebase_messaging] AndroidManifest.xml:28:13-73
103            <intent-filter>
103-->[:react-native-firebase_messaging] AndroidManifest.xml:29:13-31:29
104                <action android:name="com.google.android.c2dm.intent.RECEIVE" />
104-->[:react-native-firebase_messaging] AndroidManifest.xml:30:17-81
104-->[:react-native-firebase_messaging] AndroidManifest.xml:30:25-78
105            </intent-filter>
106        </receiver>
107
108        <meta-data
108-->[:react-native-firebase_messaging] AndroidManifest.xml:34:9-36:36
109            android:name="firebase_messaging_auto_init_enabled"
109-->[:react-native-firebase_messaging] AndroidManifest.xml:35:13-64
110            android:value="true" />
110-->[:react-native-firebase_messaging] AndroidManifest.xml:36:13-33
111        <meta-data
111-->[:react-native-firebase_messaging] AndroidManifest.xml:37:9-39:32
112            android:name="com.google.firebase.messaging.default_notification_channel_id"
112-->[:react-native-firebase_messaging] AndroidManifest.xml:38:13-89
113            android:value="" />
113-->[:react-native-firebase_messaging] AndroidManifest.xml:39:13-29
114        <meta-data
114-->[:react-native-firebase_messaging] AndroidManifest.xml:40:9-42:47
115            android:name="com.google.firebase.messaging.default_notification_color"
115-->[:react-native-firebase_messaging] AndroidManifest.xml:41:13-84
116            android:resource="@color/white" />
116-->[:react-native-firebase_messaging] AndroidManifest.xml:42:13-44
117        <meta-data
117-->[:react-native-firebase_app] AndroidManifest.xml:11:9-13:36
118            android:name="app_data_collection_default_enabled"
118-->[:react-native-firebase_app] AndroidManifest.xml:12:13-63
119            android:value="true" />
119-->[:react-native-firebase_app] AndroidManifest.xml:13:13-33
120
121        <service
121-->[:react-native-firebase_app] AndroidManifest.xml:15:9-23:19
122            android:name="com.google.firebase.components.ComponentDiscoveryService"
122-->[:react-native-firebase_app] AndroidManifest.xml:16:13-84
123            android:directBootAware="true"
123-->[:react-native-firebase_app] AndroidManifest.xml:17:13-43
124            android:exported="false" >
124-->[:react-native-firebase_app] AndroidManifest.xml:18:13-37
125            <meta-data
125-->[:react-native-firebase_app] AndroidManifest.xml:20:13-22:85
126                android:name="com.google.firebase.components:io.invertase.firebase.app.ReactNativeFirebaseAppRegistrar"
126-->[:react-native-firebase_app] AndroidManifest.xml:21:17-120
127                android:value="com.google.firebase.components.ComponentRegistrar" />
127-->[:react-native-firebase_app] AndroidManifest.xml:22:17-82
128            <meta-data
128-->[com.google.firebase:firebase-messaging:23.1.2] AndroidManifest.xml:55:13-57:85
129                android:name="com.google.firebase.components:com.google.firebase.messaging.FirebaseMessagingRegistrar"
129-->[com.google.firebase:firebase-messaging:23.1.2] AndroidManifest.xml:56:17-119
130                android:value="com.google.firebase.components.ComponentRegistrar" />
130-->[com.google.firebase:firebase-messaging:23.1.2] AndroidManifest.xml:57:17-82
131            <meta-data
131-->[com.google.firebase:firebase-datatransport:18.1.7] AndroidManifest.xml:27:13-29:85
132                android:name="com.google.firebase.components:com.google.firebase.datatransport.TransportRegistrar"
132-->[com.google.firebase:firebase-datatransport:18.1.7] AndroidManifest.xml:28:17-115
133                android:value="com.google.firebase.components.ComponentRegistrar" />
133-->[com.google.firebase:firebase-datatransport:18.1.7] AndroidManifest.xml:29:17-82
134            <meta-data
134-->[com.google.firebase:firebase-installations:17.1.3] AndroidManifest.xml:17:13-19:85
135                android:name="com.google.firebase.components:com.google.firebase.installations.FirebaseInstallationsRegistrar"
135-->[com.google.firebase:firebase-installations:17.1.3] AndroidManifest.xml:18:17-127
136                android:value="com.google.firebase.components.ComponentRegistrar" />
136-->[com.google.firebase:firebase-installations:17.1.3] AndroidManifest.xml:19:17-82
137        </service>
138
139        <provider
139-->[:react-native-firebase_app] AndroidManifest.xml:25:9-29:38
140            android:name="io.invertase.firebase.app.ReactNativeFirebaseAppInitProvider"
140-->[:react-native-firebase_app] AndroidManifest.xml:26:13-88
141            android:authorities="com.wditechy.truckie.reactnativefirebaseappinitprovider"
141-->[:react-native-firebase_app] AndroidManifest.xml:27:13-86
142            android:exported="false"
142-->[:react-native-firebase_app] AndroidManifest.xml:28:13-37
143            android:initOrder="99" />
143-->[:react-native-firebase_app] AndroidManifest.xml:29:13-35
144        <provider
144-->[:react-native-image-crop-picker] AndroidManifest.xml:18:9-26:20
145            android:name="com.reactnative.ivpusic.imagepicker.IvpusicImagePickerFileProvider"
145-->[:react-native-image-crop-picker] AndroidManifest.xml:19:13-94
146            android:authorities="com.wditechy.truckie.provider"
146-->[:react-native-image-crop-picker] AndroidManifest.xml:20:13-60
147            android:exported="false"
147-->[:react-native-image-crop-picker] AndroidManifest.xml:21:13-37
148            android:grantUriPermissions="true" >
148-->[:react-native-image-crop-picker] AndroidManifest.xml:22:13-47
149            <meta-data
149-->[:react-native-image-crop-picker] AndroidManifest.xml:23:13-25:78
150                android:name="android.support.FILE_PROVIDER_PATHS"
150-->[:react-native-image-crop-picker] AndroidManifest.xml:24:17-67
151                android:resource="@xml/ivpusic_imagepicker_provider_paths" />
151-->[:react-native-image-crop-picker] AndroidManifest.xml:25:17-75
152        </provider>
153
154        <activity
154-->[:react-native-image-crop-picker] AndroidManifest.xml:28:9-30:72
155            android:name="com.yalantis.ucrop.UCropActivity"
155-->[:react-native-image-crop-picker] AndroidManifest.xml:29:13-60
156            android:theme="@style/Theme.AppCompat.Light.NoActionBar" />
156-->[:react-native-image-crop-picker] AndroidManifest.xml:30:13-69
157
158        <provider
158-->[androidx.work:work-runtime:2.8.0] AndroidManifest.xml:29:9-37:20
159            android:name="androidx.startup.InitializationProvider"
159-->[androidx.work:work-runtime:2.8.0] AndroidManifest.xml:30:13-67
160            android:authorities="com.wditechy.truckie.androidx-startup"
160-->[androidx.work:work-runtime:2.8.0] AndroidManifest.xml:31:13-68
161            android:exported="false" >
161-->[androidx.work:work-runtime:2.8.0] AndroidManifest.xml:32:13-37
162            <meta-data
162-->[androidx.work:work-runtime:2.8.0] AndroidManifest.xml:34:13-36:52
163                android:name="androidx.work.WorkManagerInitializer"
163-->[androidx.work:work-runtime:2.8.0] AndroidManifest.xml:35:17-68
164                android:value="androidx.startup" />
164-->[androidx.work:work-runtime:2.8.0] AndroidManifest.xml:36:17-49
165        </provider>
166
167        <service
167-->[androidx.work:work-runtime:2.8.0] AndroidManifest.xml:39:9-45:35
168            android:name="androidx.work.impl.background.systemalarm.SystemAlarmService"
168-->[androidx.work:work-runtime:2.8.0] AndroidManifest.xml:40:13-88
169            android:directBootAware="false"
169-->[androidx.work:work-runtime:2.8.0] AndroidManifest.xml:41:13-44
170            android:enabled="@bool/enable_system_alarm_service_default"
170-->[androidx.work:work-runtime:2.8.0] AndroidManifest.xml:42:13-72
171            android:exported="false" />
171-->[androidx.work:work-runtime:2.8.0] AndroidManifest.xml:43:13-37
172        <service
172-->[androidx.work:work-runtime:2.8.0] AndroidManifest.xml:46:9-52:35
173            android:name="androidx.work.impl.background.systemjob.SystemJobService"
173-->[androidx.work:work-runtime:2.8.0] AndroidManifest.xml:47:13-84
174            android:directBootAware="false"
174-->[androidx.work:work-runtime:2.8.0] AndroidManifest.xml:48:13-44
175            android:enabled="@bool/enable_system_job_service_default"
175-->[androidx.work:work-runtime:2.8.0] AndroidManifest.xml:49:13-70
176            android:exported="true"
176-->[androidx.work:work-runtime:2.8.0] AndroidManifest.xml:50:13-36
177            android:permission="android.permission.BIND_JOB_SERVICE" />
177-->[androidx.work:work-runtime:2.8.0] AndroidManifest.xml:51:13-69
178        <service
178-->[androidx.work:work-runtime:2.8.0] AndroidManifest.xml:53:9-59:35
179            android:name="androidx.work.impl.foreground.SystemForegroundService"
179-->[androidx.work:work-runtime:2.8.0] AndroidManifest.xml:54:13-81
180            android:directBootAware="false"
180-->[androidx.work:work-runtime:2.8.0] AndroidManifest.xml:55:13-44
181            android:enabled="@bool/enable_system_foreground_service_default"
181-->[androidx.work:work-runtime:2.8.0] AndroidManifest.xml:56:13-77
182            android:exported="false" />
182-->[androidx.work:work-runtime:2.8.0] AndroidManifest.xml:57:13-37
183
184        <receiver
184-->[androidx.work:work-runtime:2.8.0] AndroidManifest.xml:61:9-66:35
185            android:name="androidx.work.impl.utils.ForceStopRunnable$BroadcastReceiver"
185-->[androidx.work:work-runtime:2.8.0] AndroidManifest.xml:62:13-88
186            android:directBootAware="false"
186-->[androidx.work:work-runtime:2.8.0] AndroidManifest.xml:63:13-44
187            android:enabled="true"
187-->[androidx.work:work-runtime:2.8.0] AndroidManifest.xml:64:13-35
188            android:exported="false" />
188-->[androidx.work:work-runtime:2.8.0] AndroidManifest.xml:65:13-37
189        <receiver
189-->[androidx.work:work-runtime:2.8.0] AndroidManifest.xml:67:9-77:20
190            android:name="androidx.work.impl.background.systemalarm.ConstraintProxy$BatteryChargingProxy"
190-->[androidx.work:work-runtime:2.8.0] AndroidManifest.xml:68:13-106
191            android:directBootAware="false"
191-->[androidx.work:work-runtime:2.8.0] AndroidManifest.xml:69:13-44
192            android:enabled="false"
192-->[androidx.work:work-runtime:2.8.0] AndroidManifest.xml:70:13-36
193            android:exported="false" >
193-->[androidx.work:work-runtime:2.8.0] AndroidManifest.xml:71:13-37
194            <intent-filter>
194-->[androidx.work:work-runtime:2.8.0] AndroidManifest.xml:73:13-76:29
195                <action android:name="android.intent.action.ACTION_POWER_CONNECTED" />
195-->[androidx.work:work-runtime:2.8.0] AndroidManifest.xml:74:17-87
195-->[androidx.work:work-runtime:2.8.0] AndroidManifest.xml:74:25-84
196                <action android:name="android.intent.action.ACTION_POWER_DISCONNECTED" />
196-->[androidx.work:work-runtime:2.8.0] AndroidManifest.xml:75:17-90
196-->[androidx.work:work-runtime:2.8.0] AndroidManifest.xml:75:25-87
197            </intent-filter>
198        </receiver>
199        <receiver
199-->[androidx.work:work-runtime:2.8.0] AndroidManifest.xml:78:9-88:20
200            android:name="androidx.work.impl.background.systemalarm.ConstraintProxy$BatteryNotLowProxy"
200-->[androidx.work:work-runtime:2.8.0] AndroidManifest.xml:79:13-104
201            android:directBootAware="false"
201-->[androidx.work:work-runtime:2.8.0] AndroidManifest.xml:80:13-44
202            android:enabled="false"
202-->[androidx.work:work-runtime:2.8.0] AndroidManifest.xml:81:13-36
203            android:exported="false" >
203-->[androidx.work:work-runtime:2.8.0] AndroidManifest.xml:82:13-37
204            <intent-filter>
204-->[androidx.work:work-runtime:2.8.0] AndroidManifest.xml:84:13-87:29
205                <action android:name="android.intent.action.BATTERY_OKAY" />
205-->[androidx.work:work-runtime:2.8.0] AndroidManifest.xml:85:17-77
205-->[androidx.work:work-runtime:2.8.0] AndroidManifest.xml:85:25-74
206                <action android:name="android.intent.action.BATTERY_LOW" />
206-->[androidx.work:work-runtime:2.8.0] AndroidManifest.xml:86:17-76
206-->[androidx.work:work-runtime:2.8.0] AndroidManifest.xml:86:25-73
207            </intent-filter>
208        </receiver>
209        <receiver
209-->[androidx.work:work-runtime:2.8.0] AndroidManifest.xml:89:9-99:20
210            android:name="androidx.work.impl.background.systemalarm.ConstraintProxy$StorageNotLowProxy"
210-->[androidx.work:work-runtime:2.8.0] AndroidManifest.xml:90:13-104
211            android:directBootAware="false"
211-->[androidx.work:work-runtime:2.8.0] AndroidManifest.xml:91:13-44
212            android:enabled="false"
212-->[androidx.work:work-runtime:2.8.0] AndroidManifest.xml:92:13-36
213            android:exported="false" >
213-->[androidx.work:work-runtime:2.8.0] AndroidManifest.xml:93:13-37
214            <intent-filter>
214-->[androidx.work:work-runtime:2.8.0] AndroidManifest.xml:95:13-98:29
215                <action android:name="android.intent.action.DEVICE_STORAGE_LOW" />
215-->[androidx.work:work-runtime:2.8.0] AndroidManifest.xml:96:17-83
215-->[androidx.work:work-runtime:2.8.0] AndroidManifest.xml:96:25-80
216                <action android:name="android.intent.action.DEVICE_STORAGE_OK" />
216-->[androidx.work:work-runtime:2.8.0] AndroidManifest.xml:97:17-82
216-->[androidx.work:work-runtime:2.8.0] AndroidManifest.xml:97:25-79
217            </intent-filter>
218        </receiver>
219        <receiver
219-->[androidx.work:work-runtime:2.8.0] AndroidManifest.xml:100:9-109:20
220            android:name="androidx.work.impl.background.systemalarm.ConstraintProxy$NetworkStateProxy"
220-->[androidx.work:work-runtime:2.8.0] AndroidManifest.xml:101:13-103
221            android:directBootAware="false"
221-->[androidx.work:work-runtime:2.8.0] AndroidManifest.xml:102:13-44
222            android:enabled="false"
222-->[androidx.work:work-runtime:2.8.0] AndroidManifest.xml:103:13-36
223            android:exported="false" >
223-->[androidx.work:work-runtime:2.8.0] AndroidManifest.xml:104:13-37
224            <intent-filter>
224-->[androidx.work:work-runtime:2.8.0] AndroidManifest.xml:106:13-108:29
225                <action android:name="android.net.conn.CONNECTIVITY_CHANGE" />
225-->[androidx.work:work-runtime:2.8.0] AndroidManifest.xml:107:17-79
225-->[androidx.work:work-runtime:2.8.0] AndroidManifest.xml:107:25-76
226            </intent-filter>
227        </receiver>
228        <receiver
228-->[androidx.work:work-runtime:2.8.0] AndroidManifest.xml:110:9-121:20
229            android:name="androidx.work.impl.background.systemalarm.RescheduleReceiver"
229-->[androidx.work:work-runtime:2.8.0] AndroidManifest.xml:111:13-88
230            android:directBootAware="false"
230-->[androidx.work:work-runtime:2.8.0] AndroidManifest.xml:112:13-44
231            android:enabled="false"
231-->[androidx.work:work-runtime:2.8.0] AndroidManifest.xml:113:13-36
232            android:exported="false" >
232-->[androidx.work:work-runtime:2.8.0] AndroidManifest.xml:114:13-37
233            <intent-filter>
233-->[androidx.work:work-runtime:2.8.0] AndroidManifest.xml:116:13-120:29
234                <action android:name="android.intent.action.BOOT_COMPLETED" />
234-->[androidx.work:work-runtime:2.8.0] AndroidManifest.xml:117:17-79
234-->[androidx.work:work-runtime:2.8.0] AndroidManifest.xml:117:25-76
235                <action android:name="android.intent.action.TIME_SET" />
235-->[androidx.work:work-runtime:2.8.0] AndroidManifest.xml:118:17-73
235-->[androidx.work:work-runtime:2.8.0] AndroidManifest.xml:118:25-70
236                <action android:name="android.intent.action.TIMEZONE_CHANGED" />
236-->[androidx.work:work-runtime:2.8.0] AndroidManifest.xml:119:17-81
236-->[androidx.work:work-runtime:2.8.0] AndroidManifest.xml:119:25-78
237            </intent-filter>
238        </receiver>
239        <receiver
239-->[androidx.work:work-runtime:2.8.0] AndroidManifest.xml:122:9-131:20
240            android:name="androidx.work.impl.background.systemalarm.ConstraintProxyUpdateReceiver"
240-->[androidx.work:work-runtime:2.8.0] AndroidManifest.xml:123:13-99
241            android:directBootAware="false"
241-->[androidx.work:work-runtime:2.8.0] AndroidManifest.xml:124:13-44
242            android:enabled="@bool/enable_system_alarm_service_default"
242-->[androidx.work:work-runtime:2.8.0] AndroidManifest.xml:125:13-72
243            android:exported="false" >
243-->[androidx.work:work-runtime:2.8.0] AndroidManifest.xml:126:13-37
244            <intent-filter>
244-->[androidx.work:work-runtime:2.8.0] AndroidManifest.xml:128:13-130:29
245                <action android:name="androidx.work.impl.background.systemalarm.UpdateProxies" />
245-->[androidx.work:work-runtime:2.8.0] AndroidManifest.xml:129:17-98
245-->[androidx.work:work-runtime:2.8.0] AndroidManifest.xml:129:25-95
246            </intent-filter>
247        </receiver>
248        <receiver
248-->[androidx.work:work-runtime:2.8.0] AndroidManifest.xml:132:9-142:20
249            android:name="androidx.work.impl.diagnostics.DiagnosticsReceiver"
249-->[androidx.work:work-runtime:2.8.0] AndroidManifest.xml:133:13-78
250            android:directBootAware="false"
250-->[androidx.work:work-runtime:2.8.0] AndroidManifest.xml:134:13-44
251            android:enabled="true"
251-->[androidx.work:work-runtime:2.8.0] AndroidManifest.xml:135:13-35
252            android:exported="true"
252-->[androidx.work:work-runtime:2.8.0] AndroidManifest.xml:136:13-36
253            android:permission="android.permission.DUMP" >
253-->[androidx.work:work-runtime:2.8.0] AndroidManifest.xml:137:13-57
254            <intent-filter>
254-->[androidx.work:work-runtime:2.8.0] AndroidManifest.xml:139:13-141:29
255                <action android:name="androidx.work.diagnostics.REQUEST_DIAGNOSTICS" />
255-->[androidx.work:work-runtime:2.8.0] AndroidManifest.xml:140:17-88
255-->[androidx.work:work-runtime:2.8.0] AndroidManifest.xml:140:25-85
256            </intent-filter>
257        </receiver>
258
259        <service
259-->[androidx.room:room-runtime:2.5.0] AndroidManifest.xml:24:9-28:63
260            android:name="androidx.room.MultiInstanceInvalidationService"
260-->[androidx.room:room-runtime:2.5.0] AndroidManifest.xml:25:13-74
261            android:directBootAware="true"
261-->[androidx.room:room-runtime:2.5.0] AndroidManifest.xml:26:13-43
262            android:exported="false" />
262-->[androidx.room:room-runtime:2.5.0] AndroidManifest.xml:27:13-37
263
264        <receiver
264-->[com.google.firebase:firebase-messaging:23.1.2] AndroidManifest.xml:31:9-38:20
265            android:name="com.google.firebase.iid.FirebaseInstanceIdReceiver"
265-->[com.google.firebase:firebase-messaging:23.1.2] AndroidManifest.xml:32:13-78
266            android:exported="true"
266-->[com.google.firebase:firebase-messaging:23.1.2] AndroidManifest.xml:33:13-36
267            android:permission="com.google.android.c2dm.permission.SEND" >
267-->[com.google.firebase:firebase-messaging:23.1.2] AndroidManifest.xml:34:13-73
268            <intent-filter>
268-->[:react-native-firebase_messaging] AndroidManifest.xml:29:13-31:29
269                <action android:name="com.google.android.c2dm.intent.RECEIVE" />
269-->[:react-native-firebase_messaging] AndroidManifest.xml:30:17-81
269-->[:react-native-firebase_messaging] AndroidManifest.xml:30:25-78
270            </intent-filter>
271        </receiver>
272        <!--
273             FirebaseMessagingService performs security checks at runtime,
274             but set to not exported to explicitly avoid allowing another app to call it.
275        -->
276        <service
276-->[com.google.firebase:firebase-messaging:23.1.2] AndroidManifest.xml:44:9-51:19
277            android:name="com.google.firebase.messaging.FirebaseMessagingService"